Ftc3543Lib/build 2/intermediates/manifest_merge_blame_file/debug/manifest-merger-blame-debug-report 2.txt
1<?xml version="1.0" encoding="utf-8"?>
2<!--
3 Note: the actual manifest file used in your APK merges this file with contributions
4     from the modules on which your app depends (such as FtcRobotController, etc).
5     So it won't ultimately be as empty as it might here appear to be :-)
6-->
7<!-- The package name here determines the package for your R class and your BuildConfig class -->
8<manifest xmlns:android="http://schemas.android.com/apk/res/android"
9    package="ftc3543lib" >
10
11    <uses-sdk
12        android:minSdkVersion="23"
12-->src/main/AndroidManifest.xml
13        android:targetSdkVersion="28" />
13-->src/main/AndroidManifest.xml
14
15    <application />
15-->src/main/AndroidManifest.xml:11:5-19
16
17</manifest>